<?xml version="1.0" encoding="UTF-8"?>
<!-- Generated by org.testng.reporters.JUnitXMLReporter -->
<testsuite ignored="0" hostname="Shivanis-MacBook-Air.local" failures="0" tests="6" name="Free CRM Application Test" time="38.885" errors="0" timestamp="2025-02-23T13:45:08 PST">
  <testcase classname="com.crm.qa.testcases.LoginPageTest" name="clickloginbtn" time="2.403"/>
  <testcase classname="com.crm.qa.testcases.SignUpPageTest" name="loginTest" time="0.206"/>
  <testcase classname="com.crm.qa.testcases.HomePageTest" name="verifyHomePageTitleTest" time="0.008"/>
  <testcase classname="com.crm.qa.testcases.HomePageTest" name="verifycorrectusernameTest" time="1.062"/>
  <testcase classname="com.crm.qa.testcases.HomePageTest" name="verifycontactlinkTest" time="1.682"/>
  <testcase classname="com.crm.qa.testcases.ContactPageTest" name="EnterCredentialsTest" time="0.413"/>
</testsuite> <!-- Free CRM Application Test -->
